build/app/outputs/mapping/release/seeds.txt
com.vitseydriver.mpdriver.MainActivity
com.vitseydriver.mpdriver.MainActivity: MainActivity()
...
androidx.window.layout.WindowInfoTracker$Companion: void overrideDecorator(androidx.window.layout.WindowInfoTrackerDecorator)
androidx.cardview.widget.CardView: void setUseCompatPadding(boolean)
kotlin.coroutines.AbstractCoroutineContextElement: AbstractCoroutineContextElement(kotlin.coroutines.CoroutineContext$Key)
androidx.loader.app.LoaderManagerImpl$LoaderViewModel: LoaderManagerImpl$LoaderViewModel()
androidx.appcompat.widget.Toolbar: void setLogoDescription(int)
com.google.firebase.firestore.core.FieldFilter$Operator: com.google.firebase.firestore.core.FieldFilter$Operator valueOf(java.lang.String)
androidx.core.view.MenuItemCompat$Api26Impl: android.view.MenuItem setIconTintList(android.view.MenuItem,android.content.res.ColorStateList)
androidx.window.layout.WindowMetricsCalculator: androidx.window.layout.WindowMetrics computeMaximumWindowMetrics(android.app.Activity)
androidx.lifecycle.ReportFragment$LifecycleCallbacks: void registerIn(android.app.Activity)
io.flutter.plugin.platform.SingleViewPresentation: void onCreate(android.os.Bundle)
androidx.window.layout.WindowInfoTracker$Companion: WindowInfoTracker$Companion()
com.onesignal.ADMMessageHandler: void onMessage(android.content.Intent)
com.google.firebase.perf.config.RemoteConfigManager: boolean isFirebaseRemoteConfigAvailable()
androidx.window.layout.DisplayCompatHelperApi17: DisplayCompatHelperApi17()
com.facebook.AccessTokenSource: com.facebook.AccessTokenSource[] values()
androidx.core.view.ViewCompat$Api30Impl: void setStateDescription(android.view.View,java.lang.CharSequence)
com.google.firebase.perf.session.SessionManager: void registerForSessionUpdates(java.lang.ref.WeakReference)
androidx.core.widget.PopupWindowCompat$Api19Impl: void showAsDropDown(android.widget.PopupWindow,android.view.View,int,int,int)
com.facebook.appevents.internal.AppEventsLoggerUtility$GraphAPIActivityType: com.facebook.appevents.internal.AppEventsLoggerUtility$GraphAPIActivityType[] values()
androidx.appcompat.widget.SearchView: void setOnSearchClickListener(android.view.View$OnClickListener)
com.onesignal.NotificationOpenedReceiverBase: NotificationOpenedReceiverBase()
com.facebook.appevents.ml.ModelManager$Task: com.facebook.appevents.ml.ModelManager$Task valueOf(java.lang.String)
androidx.work.impl.utils.ForceStopRunnable$BroadcastReceiver: ForceStopRunnable$BroadcastReceiver()
io.flutter.plugins.firebase.crashlytics.FlutterFirebaseAppRegistrar: FlutterFirebaseAppRegistrar()
androidx.vectordrawable.graphics.drawable.VectorDrawableCompat$VGroup: float getRotation()
androidx.core.widget.PopupWindowCompat$Api23Impl: boolean getOverlapAnchor(android.widget.PopupWindow)
androidx.core.graphics.drawable.IconCompatParcelizer: void write(androidx.core.graphics.drawable.IconCompat,androidx.versionedparcelable.VersionedParcel)
androidx.appcompat.view.menu.ActionMenuItemView: void setTitle(java.lang.CharSequence)
androidx.core.view.AccessibilityDelegateCompat$Api16Impl: android.view.accessibility.AccessibilityNodeProvider getAccessibilityNodeProvider(android.view.View$AccessibilityDelegate,android.view.View)
com.onesignal.JobIntentService$CommandProcessor: void onPostExecute(java.lang.Void)
androidx.window.layout.ExtensionWindowLayoutInfoBackend: void unregisterLayoutChangeCallback(androidx.core.util.Consumer)
io.grpc.internal.GrpcUtil$Http2Error: io.grpc.internal.GrpcUtil$Http2Error valueOf(java.lang.String)
com.google.firebase.firestore.core.OrderBy$Direction: com.google.firebase.firestore.core.OrderBy$Direction[] values()
kotlin.jvm.internal.CallableReference: java.util.List getAnnotations()
kotlin.coroutines.CombinedContext: java.lang.Object writeReplace()
androidx.appcompat.widget.AppCompatAutoCompleteTextView: AppCompatAutoCompleteTextView(android.content.Context,android.util.AttributeSet)
com.google.firebase.firestore.core.UserData$Source: com.google.firebase.firestore.core.UserData$Source[] values()