build/app/outputs/mapping/release/usage.txt
com.vitseydriver.mpdriver.BuildConfig
com.vitseydriver.mpdriver.R$anim
com.vitseydriver.mpdriver.R$animator
com.vitseydriver.mpdriver.R$attr
com.vitseydriver.mpdriver.R$bool
com.vitseydriver.mpdriver.R$color
com.vitseydriver.mpdriver.R$dimen
com.vitseydriver.mpdriver.R$drawable
com.vitseydriver.mpdriver.R$id
com.vitseydriver.mpdriver.R$integer
com.vitseydriver.mpdriver.R$interpolator
com.vitseydriver.mpdriver.R$layout
com.vitseydriver.mpdriver.R$mipmap
com.vitseydriver.mpdriver.R$raw
com.vitseydriver.mpdriver.R$string
com.vitseydriver.mpdriver.R$style
com.vitseydriver.mpdriver.R$styleable
com.vitseydriver.mpdriver.R$xml
com.vitseydriver.mpdriver.R
...
com.google.android.gms.internal.location.zzcb
com.google.android.gms.internal.location.zzcc:
    public final com.google.android.gms.common.api.PendingResult checkLocationSettings(com.google.android.gms.common.api.GoogleApiClient,com.google.android.gms.location.LocationSettingsRequest)
com.google.android.gms.internal.location.zzcf
com.google.android.gms.internal.location.zzcg
com.google.android.gms.internal.location.zzch
com.google.android.gms.internal.location.zzci
com.google.android.gms.internal.location.zzcj
com.google.android.gms.internal.location.zzck
com.google.android.gms.internal.location.zzcr
com.google.android.gms.internal.location.zzda:
    public static final synthetic int zze
    public final void zzA(boolean,com.google.android.gms.tasks.TaskCompletionSource)
    public final void zzD(android.app.PendingIntent,com.google.android.gms.tasks.TaskCompletionSource,java.lang.Object)
    public final com.google.android.gms.location.LocationAvailability zzp()
    public final void zzq(com.google.android.gms.location.GeofencingRequest,android.app.PendingIntent,com.google.android.gms.tasks.TaskCompletionSource)
    public final void zzr(com.google.android.gms.tasks.TaskCompletionSource)
    public final void zzs(com.google.android.gms.location.CurrentLocationRequest,com.google.android.gms.tasks.CancellationToken,com.google.android.gms.tasks.TaskCompletionSource)
    public final void zzw(android.app.PendingIntent,com.google.android.gms.location.LocationRequest,com.google.android.gms.tasks.TaskCompletionSource)
    public final void zzx(android.app.PendingIntent,com.google.android.gms.tasks.TaskCompletionSource)
    public final void zzy(java.util.List,com.google.android.gms.tasks.TaskCompletionSource)
    public final void zzz(android.location.Location,com.google.android.gms.tasks.TaskCompletionSource)
com.google.android.gms.internal.location.zzdb:
    public static com.google.android.gms.internal.location.zzdb zza(android.app.PendingIntent,java.lang.String,java.lang.String)
com.google.android.gms.internal.location.zzdh
com.google.android.gms.internal.location.zzdi
com.google.android.gms.internal.location.zzdw
com.google.android.gms.internal.location.zzdx
com.google.android.gms.internal.location.zzf
com.google.android.gms.internal.location.zzi:
    public final void zzd(com.google.android.gms.internal.location.zzg)
    public final void zze()
com.google.android.gms.internal.location.zzl
com.google.android.gms.internal.location.zzm
com.google.android.gms.internal.location.zzn:
    public final com.google.android.gms.common.internal.ICancelToken zze(com.google.android.gms.location.CurrentLocationRequest,com.google.android.gms.internal.location.zzq)
    public final com.google.android.gms.location.LocationAvailability zzf(java.lang.String)
    public final void zzg(com.google.android.gms.location.GeofencingRequest,android.app.PendingIntent,com.google.android.gms.internal.location.zzm)
    public final void zzi(com.google.android.gms.internal.location.zzk)
    public final void zzl(android.app.PendingIntent,com.google.android.gms.common.api.internal.IStatusCallback)
    public final void zzm(android.app.PendingIntent)
    public final void zzn(android.app.PendingIntent,com.google.android.gms.internal.location.zzm,java.lang.String)
    public final void zzo(java.lang.String[],com.google.android.gms.internal.location.zzm,java.lang.String)
    public final void zzp(android.app.PendingIntent,com.google.android.gms.common.api.internal.IStatusCallback)
    public final void zzq(com.google.android.gms.location.ActivityTransitionRequest,android.app.PendingIntent,com.google.android.gms.common.api.internal.IStatusCallback)
    public final void zzr(long,boolean,android.app.PendingIntent)
    public final void zzs(com.google.android.gms.location.zzb,android.app.PendingIntent,com.google.android.gms.common.api.internal.IStatusCallback)